Using pre-set license
Built from '2020.2/release' branch; Version is '2020.2.1f1 (270dd8c3da1c) revision 2559448'; Using compiler version '192528614'; Build Type 'Release'
OS: 'Windows 10  (10.0.0) 64bit' Language: 'fr' Physical Memory: 14252 MB
BatchMode: 1, IsHumanControllingUs: 0, StartBugReporterOnCrash: 0, Is64bit: 1, IsPro: 0

 COMMAND LINE ARGUMENTS:
C:\Program Files\Unity\Hub\Editor\2020.2.1f1\Editor\Unity.exe
-adb2
-batchMode
-noUpm
-name
AssetImportWorker0
-projectPath
C:/Users/lolob/Documents/boulot/bewitchedSoulsExperiment/Bewitched Souls Experimental
-logFile
Logs/AssetImportWorker0.log
-srvPort
61023
Successfully changed project path to: C:/Users/lolob/Documents/boulot/bewitchedSoulsExperiment/Bewitched Souls Experimental
C:/Users/lolob/Documents/boulot/bewitchedSoulsExperiment/Bewitched Souls Experimental
Using Asset Import Pipeline V2.
Refreshing native plugins compatible for Editor in 75.45 ms, found 0 plugins.
Preloading 0 native plugins for Editor in 0.00 ms.
Initialize engine version: 2020.2.1f1 (270dd8c3da1c)
[Subsystems] Discovering subsystems at path C:/Program Files/Unity/Hub/Editor/2020.2.1f1/Editor/Data/Resources/UnitySubsystems
[Subsystems] Discovering subsystems at path C:/Users/lolob/Documents/boulot/bewitchedSoulsExperiment/Bewitched Souls Experimental/Assets
GfxDevice: creating device client; threaded=0
Direct3D:
    Version:  Direct3D 11.0 [level 11.1]
    Renderer: AMD Radeon(TM) RX Vega 10 Graphics (ID=0x15d8)
    Vendor:   
    VRAM:     7126 MB
    Driver:   27.20.1023.7001
Initialize mono
Mono path[0] = 'C:/Program Files/Unity/Hub/Editor/2020.2.1f1/Editor/Data/Managed'
Mono path[1] = 'C:/Program Files/Unity/Hub/Editor/2020.2.1f1/Editor/Data/MonoBleedingEdge/lib/mono/unityjit'
Mono config path = 'C:/Program Files/Unity/Hub/Editor/2020.2.1f1/Editor/Data/MonoBleedingEdge/etc'
Using monoOptions --debugger-agent=transport=dt_socket,embedding=1,server=y,suspend=n,address=127.0.0.1:56988
Begin MonoManager ReloadAssembly
Registering precompiled unity dll's ...
Register platform support module: C:/Program Files/Unity/Hub/Editor/2020.2.1f1/Editor/Data/PlaybackEngines/WindowsStandaloneSupport/UnityEditor.WindowsStandalone.Extensions.dll
Registered in 0.002103 seconds.
Native extension for WindowsStandalone target not found
Refreshing native plugins compatible for Editor in 53.39 ms, found 0 plugins.
Preloading 0 native plugins for Editor in 0.00 ms.
Invoked RoslynAnalysisRunner static constructor.
RoslynAnalysisRunner will not be running.
RoslynAnalysisRunner has terminated.
Mono: successfully reloaded assembly
- Completed reload, in  2.739 seconds
Platform modules already initialized, skipping
Registering precompiled user dll's ...
Registered in 0.001532 seconds.
Begin MonoManager ReloadAssembly
Native extension for WindowsStandalone target not found
Refreshing native plugins compatible for Editor in 0.64 ms, found 0 plugins.
Preloading 0 native plugins for Editor in 0.00 ms.
Invoked RoslynAnalysisRunner static constructor.
RoslynAnalysisRunner will not be running.
RoslynAnalysisRunner has terminated.
Mono: successfully reloaded assembly
- Completed reload, in  1.218 seconds
Platform modules already initialized, skipping
========================================================================
Worker process is ready to serve import requests
Launched and connected shader compiler UnityShaderCompiler.exe after 0.09 seconds
Refreshing native plugins compatible for Editor in 0.61 ms, found 0 plugins.
Preloading 0 native plugins for Editor in 0.00 ms.
Unloading 1664 Unused Serialized files (Serialized files now loaded: 0)
System memory in use before: 80.3 MB.
System memory in use after: 80.3 MB.

Unloading 84 unused Assets to reduce memory usage. Loaded Objects now: 2088.
Total: 3.831700 ms (FindLiveObjects: 0.230600 ms CreateObjectMapping: 0.051200 ms MarkObjects: 3.280700 ms  DeleteObjects: 0.267000 ms)

========================================================================
Received Import Request.
  path: Packages/com.unity.ext.nunit
  artifactKey: Guid(25a477c2f24db8778a4179421a32cc21) Importer(815301076,1909f56bfc062723c751e8b465ee728b)
Start importing Packages/com.unity.ext.nunit using Guid(25a477c2f24db8778a4179421a32cc21) Importer(815301076,1909f56bfc062723c751e8b465ee728b)  -> (artifact id: '5337a1da7daf2e818776aafbf7f161de') in 0.015230 seconds
  Import took 0.019291 seconds .

========================================================================
Received Import Request.
  Time since last request: 20.777955 seconds.
  path: Packages/com.unity.ads
  artifactKey: Guid(17b632677410799367a53dc7ab96a8c2) Importer(815301076,1909f56bfc062723c751e8b465ee728b)
Start importing Packages/com.unity.ads using Guid(17b632677410799367a53dc7ab96a8c2) Importer(815301076,1909f56bfc062723c751e8b465ee728b)  -> (artifact id: 'cef1ec96177040c23da573c5e9811faf') in 0.015205 seconds
  Import took 0.029929 seconds .

========================================================================
Received Import Request.
  Time since last request: 0.065542 seconds.
  path: Packages/com.unity.ads/package.json
  artifactKey: Guid(dced8f6ea9f964e8e8e61574ea889d21) Importer(815301076,1909f56bfc062723c751e8b465ee728b)
Start importing Packages/com.unity.ads/package.json using Guid(dced8f6ea9f964e8e8e61574ea889d21) Importer(815301076,1909f56bfc062723c751e8b465ee728b)  -> (artifact id: '3ce2d63b17025c68aca8a7b4479970bd') in 0.138449 seconds
  Import took 0.142500 seconds .

========================================================================
Received Import Request.
  Time since last request: 14.490705 seconds.
  path: Assets/AssetStoreOriginals
  artifactKey: Guid(c798e807c8578cf41b0545ea16d46d00) Importer(815301076,1909f56bfc062723c751e8b465ee728b)
Start importing Assets/AssetStoreOriginals using Guid(c798e807c8578cf41b0545ea16d46d00) Importer(815301076,1909f56bfc062723c751e8b465ee728b)  -> (artifact id: '7a4353d558ab5c5dcf9c821208e90f4b') in 0.016307 seconds
  Import took 0.030376 seconds .

========================================================================
Received Import Request.
  Time since last request: 0.832092 seconds.
  path: Assets/AssetStoreOriginals/_SNAPS_PrototypingAssets
  artifactKey: Guid(3ed28051c80a1394bbf05fabb2b1b02d) Importer(815301076,1909f56bfc062723c751e8b465ee728b)
Start importing Assets/AssetStoreOriginals/_SNAPS_PrototypingAssets using Guid(3ed28051c80a1394bbf05fabb2b1b02d) Importer(815301076,1909f56bfc062723c751e8b465ee728b)  -> (artifact id: '0ee473aa07945df81b3c1077523aa39f') in 0.013852 seconds
  Import took 0.025795 seconds .

========================================================================
Received Import Request.
  Time since last request: 10.973496 seconds.
  path: Assets/AssetStoreOriginals/_SNAPS_PrototypingAssets/SciFi_Industrial
  artifactKey: Guid(d206abfdd01eab744bc3ba138e3bd0a2) Importer(815301076,1909f56bfc062723c751e8b465ee728b)
Start importing Assets/AssetStoreOriginals/_SNAPS_PrototypingAssets/SciFi_Industrial using Guid(d206abfdd01eab744bc3ba138e3bd0a2) Importer(815301076,1909f56bfc062723c751e8b465ee728b)  -> (artifact id: 'dffb178c52ab666eec23a47f8aaf98b6') in 0.017477 seconds
  Import took 0.030276 seconds .

========================================================================
Received Import Request.
  Time since last request: 1.747796 seconds.
  path: Assets/AssetStoreOriginals/_SNAPS_PrototypingAssets/SciFi_Industrial/Prefabs
  artifactKey: Guid(ff14c7071bdff4a41b8fee35ea7b165e) Importer(815301076,1909f56bfc062723c751e8b465ee728b)
Start importing Assets/AssetStoreOriginals/_SNAPS_PrototypingAssets/SciFi_Industrial/Prefabs using Guid(ff14c7071bdff4a41b8fee35ea7b165e) Importer(815301076,1909f56bfc062723c751e8b465ee728b)  -> (artifact id: 'bca06fc89fd8cc89f3a013bc254cef51') in 0.014468 seconds
  Import took 0.027045 seconds .

========================================================================
Received Import Request.
  Time since last request: 2.653800 seconds.
  path: Assets/AssetStoreOriginals/_SNAPS_PrototypingAssets/SciFi_Industrial/Prefabs/Structure
  artifactKey: Guid(9a17b63390b2416458c1a71c8f5b7af5) Importer(815301076,1909f56bfc062723c751e8b465ee728b)
Start importing Assets/AssetStoreOriginals/_SNAPS_PrototypingAssets/SciFi_Industrial/Prefabs/Structure using Guid(9a17b63390b2416458c1a71c8f5b7af5) Importer(815301076,1909f56bfc062723c751e8b465ee728b)  -> (artifact id: 'b03580df7578433c48df5a26e0ec0fd9') in 0.017158 seconds
  Import took 0.022553 seconds .

========================================================================
Received Import Request.
  Time since last request: 3.505910 seconds.
  path: Assets/AssetStoreOriginals/_SNAPS_PrototypingAssets/SciFi_Industrial/Prefabs/Structure/Walls
  artifactKey: Guid(88dce685e0b977845b74a8d6b8a21f41) Importer(815301076,1909f56bfc062723c751e8b465ee728b)
Start importing Assets/AssetStoreOriginals/_SNAPS_PrototypingAssets/SciFi_Industrial/Prefabs/Structure/Walls using Guid(88dce685e0b977845b74a8d6b8a21f41) Importer(815301076,1909f56bfc062723c751e8b465ee728b)  -> (artifact id: 'efa941ae1767a03698e13cb44b56cdc9') in 0.016551 seconds
  Import took 0.029238 seconds .

========================================================================
Received Import Request.
  Time since last request: 0.062461 seconds.
  path: Assets/AssetStoreOriginals/_SNAPS_PrototypingAssets/SciFi_Industrial/Prefabs/Structure/Walls/Deck_Wall_Corner_Short_snaps002.prefab
  artifactKey: Guid(3628080bf973ae74a9419fe570653a31) Importer(815301076,1909f56bfc062723c751e8b465ee728b)
Start importing Assets/AssetStoreOriginals/_SNAPS_PrototypingAssets/SciFi_Industrial/Prefabs/Structure/Walls/Deck_Wall_Corner_Short_snaps002.prefab using Guid(3628080bf973ae74a9419fe570653a31) Importer(815301076,1909f56bfc062723c751e8b465ee728b)  -> (artifact id: 'd118b6ab169388e9bde956f66bc21f2f') in 0.157465 seconds
  Import took 0.161826 seconds .

========================================================================
Received Import Request.
  Time since last request: 0.000298 seconds.
  path: Assets/AssetStoreOriginals/_SNAPS_PrototypingAssets/SciFi_Industrial/Prefabs/Structure/Walls/Deck_Wall_Top_snaps002.prefab
  artifactKey: Guid(3c346d225f66d0b4b907e41c5b028e94) Importer(815301076,1909f56bfc062723c751e8b465ee728b)
Start importing Assets/AssetStoreOriginals/_SNAPS_PrototypingAssets/SciFi_Industrial/Prefabs/Structure/Walls/Deck_Wall_Top_snaps002.prefab using Guid(3c346d225f66d0b4b907e41c5b028e94) Importer(815301076,1909f56bfc062723c751e8b465ee728b)  -> (artifact id: '76b75d46adef06150279cbd0b0fadfe3') in 0.031695 seconds
  Import took 0.036630 seconds .

========================================================================
Received Import Request.
  Time since last request: 0.000281 seconds.
  path: Assets/AssetStoreOriginals/_SNAPS_PrototypingAssets/SciFi_Industrial/Prefabs/Structure/Walls/Hale_Wall_02_Corner_snaps002.prefab
  artifactKey: Guid(4f6977220c151404d9b6645f08a4a362) Importer(815301076,1909f56bfc062723c751e8b465ee728b)
Start importing Assets/AssetStoreOriginals/_SNAPS_PrototypingAssets/SciFi_Industrial/Prefabs/Structure/Walls/Hale_Wall_02_Corner_snaps002.prefab using Guid(4f6977220c151404d9b6645f08a4a362) Importer(815301076,1909f56bfc062723c751e8b465ee728b)  -> (artifact id: '1b74113279c4417309b327e75408cc9a') in 0.067760 seconds
  Import took 0.073821 seconds .

========================================================================
Received Import Request.
  Time since last request: 0.000419 seconds.
  path: Assets/AssetStoreOriginals/_SNAPS_PrototypingAssets/SciFi_Industrial/Prefabs/Structure/Walls/Hale_Wall_01_snaps002.prefab
  artifactKey: Guid(19275419fedd9184180a5665b0bacd4e) Importer(815301076,1909f56bfc062723c751e8b465ee728b)
Start importing Assets/AssetStoreOriginals/_SNAPS_PrototypingAssets/SciFi_Industrial/Prefabs/Structure/Walls/Hale_Wall_01_snaps002.prefab using Guid(19275419fedd9184180a5665b0bacd4e) Importer(815301076,1909f56bfc062723c751e8b465ee728b)  -> (artifact id: '13a027cd79cb327c0b8d56dbe89bd9f4') in 0.058199 seconds
  Import took 0.063676 seconds .

========================================================================
Received Import Request.
  Time since last request: 0.000232 seconds.
  path: Assets/AssetStoreOriginals/_SNAPS_PrototypingAssets/SciFi_Industrial/Prefabs/Structure/Walls/Deck_Wall_Short_snaps002.prefab
  artifactKey: Guid(f7f356e910e29b44f94ab8c2e2bb4ce9) Importer(815301076,1909f56bfc062723c751e8b465ee728b)
Start importing Assets/AssetStoreOriginals/_SNAPS_PrototypingAssets/SciFi_Industrial/Prefabs/Structure/Walls/Deck_Wall_Short_snaps002.prefab using Guid(f7f356e910e29b44f94ab8c2e2bb4ce9) Importer(815301076,1909f56bfc062723c751e8b465ee728b)  -> (artifact id: '6c8379188c86f8564fcae44765d4ef18') in 0.055476 seconds
  Import took 0.061288 seconds .

========================================================================
Received Import Request.
  Time since last request: 0.000263 seconds.
  path: Assets/AssetStoreOriginals/_SNAPS_PrototypingAssets/SciFi_Industrial/Prefabs/Structure/Walls/Deck_WallWindowFrame_02_snaps002.prefab
  artifactKey: Guid(ccb41a28547b4a74d8c0ec4556b9ecdf) Importer(815301076,1909f56bfc062723c751e8b465ee728b)
Start importing Assets/AssetStoreOriginals/_SNAPS_PrototypingAssets/SciFi_Industrial/Prefabs/Structure/Walls/Deck_WallWindowFrame_02_snaps002.prefab using Guid(ccb41a28547b4a74d8c0ec4556b9ecdf) Importer(815301076,1909f56bfc062723c751e8b465ee728b)  -> (artifact id: '6be31818c890446708ddfeabaa1cfd4b') in 0.063206 seconds
  Import took 0.067670 seconds .

========================================================================
Received Import Request.
  Time since last request: 0.000254 seconds.
  path: Assets/AssetStoreOriginals/_SNAPS_PrototypingAssets/SciFi_Industrial/Prefabs/Structure/Walls/Gale_Wall_02_snaps002.prefab
  artifactKey: Guid(bc35cc0e65e4bd74fa45e86391540bce) Importer(815301076,1909f56bfc062723c751e8b465ee728b)
Start importing Assets/AssetStoreOriginals/_SNAPS_PrototypingAssets/SciFi_Industrial/Prefabs/Structure/Walls/Gale_Wall_02_snaps002.prefab using Guid(bc35cc0e65e4bd74fa45e86391540bce) Importer(815301076,1909f56bfc062723c751e8b465ee728b)  -> (artifact id: '90db2f1e662e78b53048f78ddc8398f3') in 0.056264 seconds
  Import took 0.060235 seconds .

========================================================================
Received Import Request.
  Time since last request: 0.000333 seconds.
  path: Assets/AssetStoreOriginals/_SNAPS_PrototypingAssets/SciFi_Industrial/Prefabs/Structure/Walls/Gale_Wall_01_Corner_snaps002.prefab
  artifactKey: Guid(43664d96612e4ec489761a6609ac27a8) Importer(815301076,1909f56bfc062723c751e8b465ee728b)
Start importing Assets/AssetStoreOriginals/_SNAPS_PrototypingAssets/SciFi_Industrial/Prefabs/Structure/Walls/Gale_Wall_01_Corner_snaps002.prefab using Guid(43664d96612e4ec489761a6609ac27a8) Importer(815301076,1909f56bfc062723c751e8b465ee728b)  -> (artifact id: 'b7a87e313d28270a4291bf1c9b3e390b') in 0.058937 seconds
  Import took 0.063650 seconds .

========================================================================
Received Import Request.
  Time since last request: 0.000238 seconds.
  path: Assets/AssetStoreOriginals/_SNAPS_PrototypingAssets/SciFi_Industrial/Prefabs/Structure/Walls/Deck_Wall_Corner_snaps002.prefab
  artifactKey: Guid(4e93dfa2dc2429043bf8dcaef3f85256) Importer(815301076,1909f56bfc062723c751e8b465ee728b)
Start importing Assets/AssetStoreOriginals/_SNAPS_PrototypingAssets/SciFi_Industrial/Prefabs/Structure/Walls/Deck_Wall_Corner_snaps002.prefab using Guid(4e93dfa2dc2429043bf8dcaef3f85256) Importer(815301076,1909f56bfc062723c751e8b465ee728b)  -> (artifact id: '4ea3835c95266c60fc3a4799140366f6') in 0.032433 seconds
  Import took 0.037283 seconds .

========================================================================
Received Import Request.
  Time since last request: 0.000257 seconds.
  path: Assets/AssetStoreOriginals/_SNAPS_PrototypingAssets/SciFi_Industrial/Prefabs/Structure/Walls/Gen_Wall_snaps002.prefab
  artifactKey: Guid(37e77a47218919148afc5a8cd332b7c0) Importer(815301076,1909f56bfc062723c751e8b465ee728b)
Start importing Assets/AssetStoreOriginals/_SNAPS_PrototypingAssets/SciFi_Industrial/Prefabs/Structure/Walls/Gen_Wall_snaps002.prefab using Guid(37e77a47218919148afc5a8cd332b7c0) Importer(815301076,1909f56bfc062723c751e8b465ee728b)  -> (artifact id: 'a50a368ff9c086ee4d9da27aaa5015ca') in 0.032023 seconds
  Import took 0.036880 seconds .

========================================================================
Received Import Request.
  Time since last request: 0.000337 seconds.
  path: Assets/AssetStoreOriginals/_SNAPS_PrototypingAssets/SciFi_Industrial/Prefabs/Structure/Walls/Hale_Wall_01_Corner_snaps002.prefab
  artifactKey: Guid(74fe408f24610144390b3352ca1f7efe) Importer(815301076,1909f56bfc062723c751e8b465ee728b)
Start importing Assets/AssetStoreOriginals/_SNAPS_PrototypingAssets/SciFi_Industrial/Prefabs/Structure/Walls/Hale_Wall_01_Corner_snaps002.prefab using Guid(74fe408f24610144390b3352ca1f7efe) Importer(815301076,1909f56bfc062723c751e8b465ee728b)  -> (artifact id: 'fa91f1577da76b2dc63a2db22a12b841') in 0.038115 seconds
  Import took 0.042221 seconds .

========================================================================
Received Import Request.
  Time since last request: 0.000356 seconds.
  path: Assets/AssetStoreOriginals/_SNAPS_PrototypingAssets/SciFi_Industrial/Prefabs/Structure/Walls/Quart_Wall_Joint_02_snaps002.prefab
  artifactKey: Guid(c7553ba9a72f5b04a8bdae05c240ae27) Importer(815301076,1909f56bfc062723c751e8b465ee728b)
Start importing Assets/AssetStoreOriginals/_SNAPS_PrototypingAssets/SciFi_Industrial/Prefabs/Structure/Walls/Quart_Wall_Joint_02_snaps002.prefab using Guid(c7553ba9a72f5b04a8bdae05c240ae27) Importer(815301076,1909f56bfc062723c751e8b465ee728b)  -> (artifact id: '37d24be9af0127460c97d0188d626b05') in 0.041556 seconds
  Import took 0.046546 seconds .

========================================================================
Received Import Request.
  Time since last request: 0.000445 seconds.
  path: Assets/AssetStoreOriginals/_SNAPS_PrototypingAssets/SciFi_Industrial/Prefabs/Structure/Walls/Deck_WallWindow_01_snaps002.prefab
  artifactKey: Guid(053a7880ac43136418152778d2e1daa6) Importer(815301076,1909f56bfc062723c751e8b465ee728b)
Start importing Assets/AssetStoreOriginals/_SNAPS_PrototypingAssets/SciFi_Industrial/Prefabs/Structure/Walls/Deck_WallWindow_01_snaps002.prefab using Guid(053a7880ac43136418152778d2e1daa6) Importer(815301076,1909f56bfc062723c751e8b465ee728b)  -> (artifact id: 'e6b08f2564be2e34ddeeaf404d3ec9f7') in 0.056043 seconds
  Import took 0.060834 seconds .

========================================================================
Received Import Request.
  Time since last request: 0.000307 seconds.
  path: Assets/AssetStoreOriginals/_SNAPS_PrototypingAssets/SciFi_Industrial/Prefabs/Structure/Walls/Deck_Wall_Joint_01_snaps002.prefab
  artifactKey: Guid(0004508657bc3714e89e392e80571398) Importer(815301076,1909f56bfc062723c751e8b465ee728b)
Start importing Assets/AssetStoreOriginals/_SNAPS_PrototypingAssets/SciFi_Industrial/Prefabs/Structure/Walls/Deck_Wall_Joint_01_snaps002.prefab using Guid(0004508657bc3714e89e392e80571398) Importer(815301076,1909f56bfc062723c751e8b465ee728b)  -> (artifact id: '456ff6f64c2c812ae316b67eb879ee2a') in 0.042634 seconds
  Import took 0.047242 seconds .

========================================================================
Received Import Request.
  Time since last request: 0.000349 seconds.
  path: Assets/AssetStoreOriginals/_SNAPS_PrototypingAssets/SciFi_Industrial/Prefabs/Structure/Walls/Deck_WallDoorFrame_02_snaps002.prefab
  artifactKey: Guid(fc8293156eb278246bce7d3aa1acdff4) Importer(815301076,1909f56bfc062723c751e8b465ee728b)
Start importing Assets/AssetStoreOriginals/_SNAPS_PrototypingAssets/SciFi_Industrial/Prefabs/Structure/Walls/Deck_WallDoorFrame_02_snaps002.prefab using Guid(fc8293156eb278246bce7d3aa1acdff4) Importer(815301076,1909f56bfc062723c751e8b465ee728b)  -> (artifact id: 'ef34756e19a0aedc82886eaadc424bd2') in 0.036140 seconds
  Import took 0.040736 seconds .

========================================================================
Received Import Request.
  Time since last request: 0.000274 seconds.
  path: Assets/AssetStoreOriginals/_SNAPS_PrototypingAssets/SciFi_Industrial/Prefabs/Structure/Walls/Gale_Wall_01_snaps002.prefab
  artifactKey: Guid(d64f573e69fdda34fa09e2633bd328ef) Importer(815301076,1909f56bfc062723c751e8b465ee728b)
Start importing Assets/AssetStoreOriginals/_SNAPS_PrototypingAssets/SciFi_Industrial/Prefabs/Structure/Walls/Gale_Wall_01_snaps002.prefab using Guid(d64f573e69fdda34fa09e2633bd328ef) Importer(815301076,1909f56bfc062723c751e8b465ee728b)  -> (artifact id: 'f9e3dd688070ca103eae74d8ae2aa266') in 0.045971 seconds
  Import took 0.051750 seconds .

========================================================================
Received Import Request.
  Time since last request: 0.000289 seconds.
  path: Assets/AssetStoreOriginals/_SNAPS_PrototypingAssets/SciFi_Industrial/Prefabs/Structure/Walls/Deck_Wall_snaps002.prefab
  artifactKey: Guid(00debf980412c49418327c56a1a60db0) Importer(815301076,1909f56bfc062723c751e8b465ee728b)
Start importing Assets/AssetStoreOriginals/_SNAPS_PrototypingAssets/SciFi_Industrial/Prefabs/Structure/Walls/Deck_Wall_snaps002.prefab using Guid(00debf980412c49418327c56a1a60db0) Importer(815301076,1909f56bfc062723c751e8b465ee728b)  -> (artifact id: '3525a59b78237f6e88d5864e5f33b926') in 0.039924 seconds
  Import took 0.044850 seconds .

========================================================================
Received Import Request.
  Time since last request: 0.000425 seconds.
  path: Assets/AssetStoreOriginals/_SNAPS_PrototypingAssets/SciFi_Industrial/Prefabs/Structure/Walls/Quart_Wall_Corner_snaps002.prefab
  artifactKey: Guid(0c6b248aba0b073409356fa124dbe7a1) Importer(815301076,1909f56bfc062723c751e8b465ee728b)
Start importing Assets/AssetStoreOriginals/_SNAPS_PrototypingAssets/SciFi_Industrial/Prefabs/Structure/Walls/Quart_Wall_Corner_snaps002.prefab using Guid(0c6b248aba0b073409356fa124dbe7a1) Importer(815301076,1909f56bfc062723c751e8b465ee728b)  -> (artifact id: '271d62609c871749979f546f87d407e1') in 0.039836 seconds
  Import took 0.045239 seconds .

========================================================================
Received Import Request.
  Time since last request: 0.000481 seconds.
  path: Assets/AssetStoreOriginals/_SNAPS_PrototypingAssets/SciFi_Industrial/Prefabs/Structure/Walls/Gen_Wall_Corner_snaps002.prefab
  artifactKey: Guid(ab47af6ccd1970547885092ed420cbe2) Importer(815301076,1909f56bfc062723c751e8b465ee728b)
Start importing Assets/AssetStoreOriginals/_SNAPS_PrototypingAssets/SciFi_Industrial/Prefabs/Structure/Walls/Gen_Wall_Corner_snaps002.prefab using Guid(ab47af6ccd1970547885092ed420cbe2) Importer(815301076,1909f56bfc062723c751e8b465ee728b)  -> (artifact id: 'a67a0db3b4f80beab8eb7578f6ab69a9') in 0.042775 seconds
  Import took 0.047621 seconds .

========================================================================
Received Import Request.
  Time since last request: 0.000259 seconds.
  path: Assets/AssetStoreOriginals/_SNAPS_PrototypingAssets/SciFi_Industrial/Prefabs/Structure/Walls/Deck_WallWindowFrame_01_snaps002.prefab
  artifactKey: Guid(f34eff83f0d13d041a2429cea847b3ff) Importer(815301076,1909f56bfc062723c751e8b465ee728b)
Start importing Assets/AssetStoreOriginals/_SNAPS_PrototypingAssets/SciFi_Industrial/Prefabs/Structure/Walls/Deck_WallWindowFrame_01_snaps002.prefab using Guid(f34eff83f0d13d041a2429cea847b3ff) Importer(815301076,1909f56bfc062723c751e8b465ee728b)  -> (artifact id: 'c1b1f5c26b4f9dcfba4ad805ab340282') in 0.032704 seconds
  Import took 0.036532 seconds .

========================================================================
Received Import Request.
  Time since last request: 0.000291 seconds.
  path: Assets/AssetStoreOriginals/_SNAPS_PrototypingAssets/SciFi_Industrial/Prefabs/Structure/Walls/Gen_Wall_Joint_snaps002.prefab
  artifactKey: Guid(438b167130b479e40888994050b815e5) Importer(815301076,1909f56bfc062723c751e8b465ee728b)
Start importing Assets/AssetStoreOriginals/_SNAPS_PrototypingAssets/SciFi_Industrial/Prefabs/Structure/Walls/Gen_Wall_Joint_snaps002.prefab using Guid(438b167130b479e40888994050b815e5) Importer(815301076,1909f56bfc062723c751e8b465ee728b)  -> (artifact id: 'dee0380dbe7e1465da60f6fc69ac589a') in 0.043098 seconds
  Import took 0.047905 seconds .

========================================================================
Received Import Request.
  Time since last request: 0.000469 seconds.
  path: Assets/AssetStoreOriginals/_SNAPS_PrototypingAssets/SciFi_Industrial/Prefabs/Structure/Walls/Gen_Wall_DoorFrame_01_snaps002.prefab
  artifactKey: Guid(ca3a59584c01c6f4ca55f2f9a7395687) Importer(815301076,1909f56bfc062723c751e8b465ee728b)
Start importing Assets/AssetStoreOriginals/_SNAPS_PrototypingAssets/SciFi_Industrial/Prefabs/Structure/Walls/Gen_Wall_DoorFrame_01_snaps002.prefab using Guid(ca3a59584c01c6f4ca55f2f9a7395687) Importer(815301076,1909f56bfc062723c751e8b465ee728b)  -> (artifact id: 'ce52b8540986ee52fd1c2c63571143d0') in 0.039222 seconds
  Import took 0.044649 seconds .

========================================================================
Received Import Request.
  Time since last request: 0.000246 seconds.
  path: Assets/AssetStoreOriginals/_SNAPS_PrototypingAssets/SciFi_Industrial/Prefabs/Structure/Walls/Quart_Wall_snaps002.prefab
  artifactKey: Guid(2b49cf6b0e2134c4a81f3474c005ca8a) Importer(815301076,1909f56bfc062723c751e8b465ee728b)
Start importing Assets/AssetStoreOriginals/_SNAPS_PrototypingAssets/SciFi_Industrial/Prefabs/Structure/Walls/Quart_Wall_snaps002.prefab using Guid(2b49cf6b0e2134c4a81f3474c005ca8a) Importer(815301076,1909f56bfc062723c751e8b465ee728b)  -> (artifact id: '283386de279db707431e8dc0a6874585') in 0.051222 seconds
  Import took 0.056816 seconds .

========================================================================
Received Import Request.
  Time since last request: 0.000534 seconds.
  path: Assets/AssetStoreOriginals/_SNAPS_PrototypingAssets/SciFi_Industrial/Prefabs/Structure/Walls/Deck_WallWindow_02_snaps002.prefab
  artifactKey: Guid(2e0883a680249d34b9e7fc1c0b9c8574) Importer(815301076,1909f56bfc062723c751e8b465ee728b)
Start importing Assets/AssetStoreOriginals/_SNAPS_PrototypingAssets/SciFi_Industrial/Prefabs/Structure/Walls/Deck_WallWindow_02_snaps002.prefab using Guid(2e0883a680249d34b9e7fc1c0b9c8574) Importer(815301076,1909f56bfc062723c751e8b465ee728b)  -> (artifact id: 'e614057c89cd6e8966c313c4068853e3') in 0.052213 seconds
  Import took 0.057971 seconds .

========================================================================
Received Import Request.
  Time since last request: 0.000264 seconds.
  path: Assets/AssetStoreOriginals/_SNAPS_PrototypingAssets/SciFi_Industrial/Prefabs/Structure/Walls/Hale_Wall_02_snaps002.prefab
  artifactKey: Guid(6acf036e14cf86b4dbc2f4bbc89f7bf0) Importer(815301076,1909f56bfc062723c751e8b465ee728b)
Start importing Assets/AssetStoreOriginals/_SNAPS_PrototypingAssets/SciFi_Industrial/Prefabs/Structure/Walls/Hale_Wall_02_snaps002.prefab using Guid(6acf036e14cf86b4dbc2f4bbc89f7bf0) Importer(815301076,1909f56bfc062723c751e8b465ee728b)  -> (artifact id: '8755ef192f07104783f3845d4d3a6b61') in 0.049236 seconds
  Import took 0.054511 seconds .

========================================================================
Received Import Request.
  Time since last request: 0.000278 seconds.
  path: Assets/AssetStoreOriginals/_SNAPS_PrototypingAssets/SciFi_Industrial/Prefabs/Structure/Walls/Quart_WallDoorFrame_01_snaps002.prefab
  artifactKey: Guid(094421f9be446df49b40d4ecedf1d4c2) Importer(815301076,1909f56bfc062723c751e8b465ee728b)
Start importing Assets/AssetStoreOriginals/_SNAPS_PrototypingAssets/SciFi_Industrial/Prefabs/Structure/Walls/Quart_WallDoorFrame_01_snaps002.prefab using Guid(094421f9be446df49b40d4ecedf1d4c2) Importer(815301076,1909f56bfc062723c751e8b465ee728b)  -> (artifact id: '447c42573ceb79492647b411c5c2bcd2') in 0.036657 seconds
  Import took 0.041495 seconds .

========================================================================
Received Import Request.
  Time since last request: 0.000311 seconds.
  path: Assets/AssetStoreOriginals/_SNAPS_PrototypingAssets/SciFi_Industrial/Prefabs/Structure/Walls/Quart_Wall_Joint_01_snaps002.prefab
  artifactKey: Guid(8b49d720e7fae624a823f674ab67472b) Importer(815301076,1909f56bfc062723c751e8b465ee728b)
Start importing Assets/AssetStoreOriginals/_SNAPS_PrototypingAssets/SciFi_Industrial/Prefabs/Structure/Walls/Quart_Wall_Joint_01_snaps002.prefab using Guid(8b49d720e7fae624a823f674ab67472b) Importer(815301076,1909f56bfc062723c751e8b465ee728b)  -> (artifact id: '8ca814131b35c854b43eb389c8c03a89') in 0.042027 seconds
  Import took 0.047137 seconds .

========================================================================
Received Import Request.
  Time since last request: 0.000402 seconds.
  path: Assets/AssetStoreOriginals/_SNAPS_PrototypingAssets/SciFi_Industrial/Prefabs/Structure/Walls/Deck_WallDoorFrame_01_snaps002.prefab
  artifactKey: Guid(44982ca7d3e94644abea2924dfb538b5) Importer(815301076,1909f56bfc062723c751e8b465ee728b)
Start importing Assets/AssetStoreOriginals/_SNAPS_PrototypingAssets/SciFi_Industrial/Prefabs/Structure/Walls/Deck_WallDoorFrame_01_snaps002.prefab using Guid(44982ca7d3e94644abea2924dfb538b5) Importer(815301076,1909f56bfc062723c751e8b465ee728b)  -> (artifact id: '8b3169efd3ea483523063c20b9351f39') in 0.048560 seconds
  Import took 0.053700 seconds .

========================================================================
Received Import Request.
  Time since last request: 5.024497 seconds.
  path: Assets/AssetStoreOriginals/_SNAPS_PrototypingAssets/SciFi_Industrial/Prefabs/Structure/Stairs_Ramps
  artifactKey: Guid(d0de40c30e4a1f3499b2e1686620542a) Importer(815301076,1909f56bfc062723c751e8b465ee728b)
Start importing Assets/AssetStoreOriginals/_SNAPS_PrototypingAssets/SciFi_Industrial/Prefabs/Structure/Stairs_Ramps using Guid(d0de40c30e4a1f3499b2e1686620542a) Importer(815301076,1909f56bfc062723c751e8b465ee728b)  -> (artifact id: 'c37c4804ae791363242209595f8e0385') in 0.017413 seconds
  Import took 0.022144 seconds .

========================================================================
Received Import Request.
  Time since last request: 0.059153 seconds.
  path: Assets/AssetStoreOriginals/_SNAPS_PrototypingAssets/SciFi_Industrial/Prefabs/Structure/Stairs_Ramps/Deck_Stairs_01_snaps002.prefab
  artifactKey: Guid(b1e03a3f59caaff4980bf875be312d2b) Importer(815301076,1909f56bfc062723c751e8b465ee728b)
Start importing Assets/AssetStoreOriginals/_SNAPS_PrototypingAssets/SciFi_Industrial/Prefabs/Structure/Stairs_Ramps/Deck_Stairs_01_snaps002.prefab using Guid(b1e03a3f59caaff4980bf875be312d2b) Importer(815301076,1909f56bfc062723c751e8b465ee728b)  -> (artifact id: '97690a67fa92305a6e7458eeb1e896e3') in 0.056680 seconds
  Import took 0.061931 seconds .

========================================================================
Received Import Request.
  Time since last request: 0.000266 seconds.
  path: Assets/AssetStoreOriginals/_SNAPS_PrototypingAssets/SciFi_Industrial/Prefabs/Structure/Stairs_Ramps/Gen_Ramp_01_snaps002.prefab
  artifactKey: Guid(81279501067723a43bb567f45f07c5a0) Importer(815301076,1909f56bfc062723c751e8b465ee728b)
Start importing Assets/AssetStoreOriginals/_SNAPS_PrototypingAssets/SciFi_Industrial/Prefabs/Structure/Stairs_Ramps/Gen_Ramp_01_snaps002.prefab using Guid(81279501067723a43bb567f45f07c5a0) Importer(815301076,1909f56bfc062723c751e8b465ee728b)  -> (artifact id: 'b6e6f690b9d0f7104f45ab0581dd06f8') in 0.031217 seconds
  Import took 0.036513 seconds .

========================================================================
Received Import Request.
  Time since last request: 0.000443 seconds.
  path: Assets/AssetStoreOriginals/_SNAPS_PrototypingAssets/SciFi_Industrial/Prefabs/Structure/Stairs_Ramps/Quart_Ramp_01_snaps002.prefab
  artifactKey: Guid(0a36459ac2084f44ca5814f0ff3867d0) Importer(815301076,1909f56bfc062723c751e8b465ee728b)
Start importing Assets/AssetStoreOriginals/_SNAPS_PrototypingAssets/SciFi_Industrial/Prefabs/Structure/Stairs_Ramps/Quart_Ramp_01_snaps002.prefab using Guid(0a36459ac2084f44ca5814f0ff3867d0) Importer(815301076,1909f56bfc062723c751e8b465ee728b)  -> (artifact id: 'd2d68ab64e9e338d097e3cb722689433') in 0.045518 seconds
  Import took 0.050138 seconds .

========================================================================
Received Import Request.
  Time since last request: 0.000340 seconds.
  path: Assets/AssetStoreOriginals/_SNAPS_PrototypingAssets/SciFi_Industrial/Prefabs/Structure/Stairs_Ramps/Gen_Stairs_01_snaps002.prefab
  artifactKey: Guid(136b5079bc781b24da62c3a018d572d2) Importer(815301076,1909f56bfc062723c751e8b465ee728b)
Start importing Assets/AssetStoreOriginals/_SNAPS_PrototypingAssets/SciFi_Industrial/Prefabs/Structure/Stairs_Ramps/Gen_Stairs_01_snaps002.prefab using Guid(136b5079bc781b24da62c3a018d572d2) Importer(815301076,1909f56bfc062723c751e8b465ee728b)  -> (artifact id: '976a92f835e13603336df94c5a911e5f') in 0.041960 seconds
  Import took 0.046553 seconds .

========================================================================
Received Import Request.
  Time since last request: 0.000294 seconds.
  path: Assets/AssetStoreOriginals/_SNAPS_PrototypingAssets/SciFi_Industrial/Prefabs/Structure/Stairs_Ramps/Quart_Stairs_01_snaps002.prefab
  artifactKey: Guid(dc3d2c5a3d4ce3e44be28b500526dc6e) Importer(815301076,1909f56bfc062723c751e8b465ee728b)
Start importing Assets/AssetStoreOriginals/_SNAPS_PrototypingAssets/SciFi_Industrial/Prefabs/Structure/Stairs_Ramps/Quart_Stairs_01_snaps002.prefab using Guid(dc3d2c5a3d4ce3e44be28b500526dc6e) Importer(815301076,1909f56bfc062723c751e8b465ee728b)  -> (artifact id: '463992664a3dc1f25bf51ce983b362df') in 0.045917 seconds
  Import took 0.050257 seconds .

========================================================================
Received Import Request.
  Time since last request: 38.682919 seconds.
  path: Assets/AssetStoreOriginals/_SNAPS_PrototypingAssets/SciFi_Industrial/Prefabs/Structure/Pillars_Supports
  artifactKey: Guid(ce01eac15f82f6b49a368ea00bbb264b) Importer(815301076,1909f56bfc062723c751e8b465ee728b)
Start importing Assets/AssetStoreOriginals/_SNAPS_PrototypingAssets/SciFi_Industrial/Prefabs/Structure/Pillars_Supports using Guid(ce01eac15f82f6b49a368ea00bbb264b) Importer(815301076,1909f56bfc062723c751e8b465ee728b)  -> (artifact id: '77036ff63b5a877cd508b4d613b7b723') in 0.017948 seconds
  Import took 0.023969 seconds .

========================================================================
Received Import Request.
  Time since last request: 0.059319 seconds.
  path: Assets/AssetStoreOriginals/_SNAPS_PrototypingAssets/SciFi_Industrial/Prefabs/Structure/Pillars_Supports/Gale_Pillar_01_snaps002.prefab
  artifactKey: Guid(3ab9a883bb2728d4ea8e56b33bcea8ba) Importer(815301076,1909f56bfc062723c751e8b465ee728b)
Start importing Assets/AssetStoreOriginals/_SNAPS_PrototypingAssets/SciFi_Industrial/Prefabs/Structure/Pillars_Supports/Gale_Pillar_01_snaps002.prefab using Guid(3ab9a883bb2728d4ea8e56b33bcea8ba) Importer(815301076,1909f56bfc062723c751e8b465ee728b)  -> (artifact id: '8c086bdd8aa93d4da2ff9386ca0a7c79') in 0.043934 seconds
  Import took 0.048223 seconds .

========================================================================
Received Import Request.
  Time since last request: 0.000264 seconds.
  path: Assets/AssetStoreOriginals/_SNAPS_PrototypingAssets/SciFi_Industrial/Prefabs/Structure/Pillars_Supports/Gale_Wall_Support_01_snaps002.prefab
  artifactKey: Guid(f8f2628ca1432b04b9b3052a2f28c208) Importer(815301076,1909f56bfc062723c751e8b465ee728b)
Start importing Assets/AssetStoreOriginals/_SNAPS_PrototypingAssets/SciFi_Industrial/Prefabs/Structure/Pillars_Supports/Gale_Wall_Support_01_snaps002.prefab using Guid(f8f2628ca1432b04b9b3052a2f28c208) Importer(815301076,1909f56bfc062723c751e8b465ee728b)  -> (artifact id: '0709895da49bb1ea5d579c990715a619') in 0.037197 seconds
  Import took 0.041763 seconds .

========================================================================
Received Import Request.
  Time since last request: 0.000401 seconds.
  path: Assets/AssetStoreOriginals/_SNAPS_PrototypingAssets/SciFi_Industrial/Prefabs/Structure/Pillars_Supports/Wall_Support_Big_snaps002.prefab
  artifactKey: Guid(e4d5c0d3d9b21f840a3309933254e833) Importer(815301076,1909f56bfc062723c751e8b465ee728b)
Start importing Assets/AssetStoreOriginals/_SNAPS_PrototypingAssets/SciFi_Industrial/Prefabs/Structure/Pillars_Supports/Wall_Support_Big_snaps002.prefab using Guid(e4d5c0d3d9b21f840a3309933254e833) Importer(815301076,1909f56bfc062723c751e8b465ee728b)  -> (artifact id: '9143de1ef92550b86d06c79fd03e1c6a') in 0.046642 seconds
  Import took 0.051524 seconds .

========================================================================
Received Import Request.
  Time since last request: 0.000464 seconds.
  path: Assets/AssetStoreOriginals/_SNAPS_PrototypingAssets/SciFi_Industrial/Prefabs/Structure/Pillars_Supports/VerticalStrat_01_Connector_snaps002.prefab
  artifactKey: Guid(fc62ef998eb59b346b34d565f38deb3b) Importer(815301076,1909f56bfc062723c751e8b465ee728b)
Start importing Assets/AssetStoreOriginals/_SNAPS_PrototypingAssets/SciFi_Industrial/Prefabs/Structure/Pillars_Supports/VerticalStrat_01_Connector_snaps002.prefab using Guid(fc62ef998eb59b346b34d565f38deb3b) Importer(815301076,1909f56bfc062723c751e8b465ee728b)  -> (artifact id: '29730ea81bffb02c85a70dda28b9bef6') in 0.034652 seconds
  Import took 0.039504 seconds .

========================================================================
Received Import Request.
  Time since last request: 0.000304 seconds.
  path: Assets/AssetStoreOriginals/_SNAPS_PrototypingAssets/SciFi_Industrial/Prefabs/Structure/Pillars_Supports/Hale_Pillar_01_snaps002.prefab
  artifactKey: Guid(5c63759061fbf4e40a5d66743b0d9fa0) Importer(815301076,1909f56bfc062723c751e8b465ee728b)
Start importing Assets/AssetStoreOriginals/_SNAPS_PrototypingAssets/SciFi_Industrial/Prefabs/Structure/Pillars_Supports/Hale_Pillar_01_snaps002.prefab using Guid(5c63759061fbf4e40a5d66743b0d9fa0) Importer(815301076,1909f56bfc062723c751e8b465ee728b)  -> (artifact id: '8bbf6ce4a0d9429661ef5c5ae5900885') in 0.044150 seconds
  Import took 0.048501 seconds .

========================================================================
Received Import Request.
  Time since last request: 0.000329 seconds.
  path: Assets/AssetStoreOriginals/_SNAPS_PrototypingAssets/SciFi_Industrial/Prefabs/Structure/Pillars_Supports/Hale_Pillar_02_snaps002.prefab
  artifactKey: Guid(0f6381faceff7bc46983f6f88a736198) Importer(815301076,1909f56bfc062723c751e8b465ee728b)
Start importing Assets/AssetStoreOriginals/_SNAPS_PrototypingAssets/SciFi_Industrial/Prefabs/Structure/Pillars_Supports/Hale_Pillar_02_snaps002.prefab using Guid(0f6381faceff7bc46983f6f88a736198) Importer(815301076,1909f56bfc062723c751e8b465ee728b)  -> (artifact id: '00684ebd64f1022e66706133a6e410f8') in 0.043985 seconds
  Import took 0.048592 seconds .

========================================================================
Received Import Request.
  Time since last request: 0.000322 seconds.
  path: Assets/AssetStoreOriginals/_SNAPS_PrototypingAssets/SciFi_Industrial/Prefabs/Structure/Pillars_Supports/VerticalStrat_01_Base_snaps002.prefab
  artifactKey: Guid(d13e48964f4a8db45b4088d8fb10d581) Importer(815301076,1909f56bfc062723c751e8b465ee728b)
Start importing Assets/AssetStoreOriginals/_SNAPS_PrototypingAssets/SciFi_Industrial/Prefabs/Structure/Pillars_Supports/VerticalStrat_01_Base_snaps002.prefab using Guid(d13e48964f4a8db45b4088d8fb10d581) Importer(815301076,1909f56bfc062723c751e8b465ee728b)  -> (artifact id: 'e6a1969d04cbabcb20bc90fbb03bdf4c') in 0.045255 seconds
  Import took 0.050882 seconds .

========================================================================
Received Import Request.
  Time since last request: 0.000302 seconds.
  path: Assets/AssetStoreOriginals/_SNAPS_PrototypingAssets/SciFi_Industrial/Prefabs/Structure/Pillars_Supports/Gale_Pillar_02_snaps002.prefab
  artifactKey: Guid(568f19399467fe54196f7374d3df0632) Importer(815301076,1909f56bfc062723c751e8b465ee728b)
Start importing Assets/AssetStoreOriginals/_SNAPS_PrototypingAssets/SciFi_Industrial/Prefabs/Structure/Pillars_Supports/Gale_Pillar_02_snaps002.prefab using Guid(568f19399467fe54196f7374d3df0632) Importer(815301076,1909f56bfc062723c751e8b465ee728b)  -> (artifact id: 'c77ab3097d1d7c67f55d1203dc7ba780') in 0.049529 seconds
  Import took 0.055079 seconds .

========================================================================
Received Import Request.
  Time since last request: 0.000414 seconds.
  path: Assets/AssetStoreOriginals/_SNAPS_PrototypingAssets/SciFi_Industrial/Prefabs/Structure/Pillars_Supports/VerticalStrat_01_snaps002.prefab
  artifactKey: Guid(d4a69086e0bd5e440a2bda14734b225c) Importer(815301076,1909f56bfc062723c751e8b465ee728b)
Start importing Assets/AssetStoreOriginals/_SNAPS_PrototypingAssets/SciFi_Industrial/Prefabs/Structure/Pillars_Supports/VerticalStrat_01_snaps002.prefab using Guid(d4a69086e0bd5e440a2bda14734b225c) Importer(815301076,1909f56bfc062723c751e8b465ee728b)  -> (artifact id: 'f2552297e7d8596ee17650f7cd54cc81') in 0.049730 seconds
  Import took 0.055434 seconds .

========================================================================
Received Import Request.
  Time since last request: 0.000414 seconds.
  path: Assets/AssetStoreOriginals/_SNAPS_PrototypingAssets/SciFi_Industrial/Prefabs/Structure/Pillars_Supports/Hale_Wall_Support_01_snaps002.prefab
  artifactKey: Guid(5c25f761d301e2849b03446d5bae1b3f) Importer(815301076,1909f56bfc062723c751e8b465ee728b)
Start importing Assets/AssetStoreOriginals/_SNAPS_PrototypingAssets/SciFi_Industrial/Prefabs/Structure/Pillars_Supports/Hale_Wall_Support_01_snaps002.prefab using Guid(5c25f761d301e2849b03446d5bae1b3f) Importer(815301076,1909f56bfc062723c751e8b465ee728b)  -> (artifact id: 'a567f73728f2132a93aa87e833ee10a9') in 0.061426 seconds
  Import took 0.065928 seconds .

========================================================================
Received Import Request.
  Time since last request: 0.000275 seconds.
  path: Assets/AssetStoreOriginals/_SNAPS_PrototypingAssets/SciFi_Industrial/Prefabs/Structure/Pillars_Supports/VerticalStrat_01_snaps002.prefab
  artifactKey: Guid(d4a69086e0bd5e440a2bda14734b225c) Importer(815301076,1909f56bfc062723c751e8b465ee728b)
Start importing Assets/AssetStoreOriginals/_SNAPS_PrototypingAssets/SciFi_Industrial/Prefabs/Structure/Pillars_Supports/VerticalStrat_01_snaps002.prefab using Guid(d4a69086e0bd5e440a2bda14734b225c) Importer(815301076,1909f56bfc062723c751e8b465ee728b)  -> (artifact id: 'f2552297e7d8596ee17650f7cd54cc81') in 0.039316 seconds
  Import took 0.043419 seconds .

========================================================================
Received Prepare
Registering precompiled user dll's ...
Registered in 0.001630 seconds.
Begin MonoManager ReloadAssembly
Native extension for WindowsStandalone target not found
Refreshing native plugins compatible for Editor in 0.90 ms, found 0 plugins.
Preloading 0 native plugins for Editor in 0.00 ms.
Invoked RoslynAnalysisRunner static constructor.
RoslynAnalysisRunner will not be running.
RoslynAnalysisRunner has terminated.
Mono: successfully reloaded assembly
- Completed reload, in  1.602 seconds
Platform modules already initialized, skipping
Refreshing native plugins compatible for Editor in 0.60 ms, found 0 plugins.
Preloading 0 native plugins for Editor in 0.00 ms.
Unloading 1625 Unused Serialized files (Serialized files now loaded: 0)
System memory in use before: 81.2 MB.
System memory in use after: 81.3 MB.

Unloading 79 unused Assets to reduce memory usage. Loaded Objects now: 2097.
Total: 3.507000 ms (FindLiveObjects: 0.374000 ms CreateObjectMapping: 0.130100 ms MarkObjects: 2.825600 ms  DeleteObjects: 0.175400 ms)

========================================================================
Received Prepare
Registering precompiled user dll's ...
Registered in 0.003947 seconds.
Begin MonoManager ReloadAssembly
Native extension for WindowsStandalone target not found
Refreshing native plugins compatible for Editor in 1.92 ms, found 0 plugins.
Preloading 0 native plugins for Editor in 0.00 ms.
Invoked RoslynAnalysisRunner static constructor.
RoslynAnalysisRunner will not be running.
RoslynAnalysisRunner has terminated.
Mono: successfully reloaded assembly
- Completed reload, in  4.407 seconds
Platform modules already initialized, skipping
Refreshing native plugins compatible for Editor in 1.90 ms, found 0 plugins.
Preloading 0 native plugins for Editor in 0.00 ms.
Unloading 1625 Unused Serialized files (Serialized files now loaded: 0)
System memory in use before: 81.3 MB.
System memory in use after: 81.4 MB.

Unloading 79 unused Assets to reduce memory usage. Loaded Objects now: 2099.
Total: 39.260800 ms (FindLiveObjects: 3.700300 ms CreateObjectMapping: 1.452000 ms MarkObjects: 33.589900 ms  DeleteObjects: 0.511200 ms)

========================================================================
Received Prepare
Registering precompiled user dll's ...
Registered in 0.001697 seconds.
Begin MonoManager ReloadAssembly
Native extension for WindowsStandalone target not found
Refreshing native plugins compatible for Editor in 5.20 ms, found 0 plugins.
Preloading 0 native plugins for Editor in 0.00 ms.
Invoked RoslynAnalysisRunner static constructor.
RoslynAnalysisRunner will not be running.
RoslynAnalysisRunner has terminated.
Mono: successfully reloaded assembly
- Completed reload, in  2.530 seconds
Platform modules already initialized, skipping
Refreshing native plugins compatible for Editor in 0.93 ms, found 0 plugins.
Preloading 0 native plugins for Editor in 0.00 ms.
Unloading 1625 Unused Serialized files (Serialized files now loaded: 0)
System memory in use before: 82.2 MB.
System memory in use after: 82.3 MB.

Unloading 79 unused Assets to reduce memory usage. Loaded Objects now: 2101.
Total: 4.957200 ms (FindLiveObjects: 0.843400 ms CreateObjectMapping: 0.215600 ms MarkObjects: 3.664900 ms  DeleteObjects: 0.229900 ms)

========================================================================
Received Import Request.
  Time since last request: 820.619052 seconds.
  path: Assets/Prefabs
  artifactKey: Guid(9521f2027b4816b43adfeed3e26d711d) Importer(815301076,1909f56bfc062723c751e8b465ee728b)
Start importing Assets/Prefabs using Guid(9521f2027b4816b43adfeed3e26d711d) Importer(815301076,1909f56bfc062723c751e8b465ee728b)  -> (artifact id: 'a5da42a4008a18938ffa3f728892b70a') in 0.015853 seconds
  Import took 0.020472 seconds .

========================================================================
Received Import Request.
  Time since last request: 0.085272 seconds.
  path: Assets/Prefabs/Anchor.prefab
  artifactKey: Guid(94f98c92b73fa2f4e8718c543313b2f4) Importer(815301076,1909f56bfc062723c751e8b465ee728b)
Start importing Assets/Prefabs/Anchor.prefab using Guid(94f98c92b73fa2f4e8718c543313b2f4) Importer(815301076,1909f56bfc062723c751e8b465ee728b)  -> (artifact id: 'e4e317ee190751349a4b54753a6659d2') in 0.118539 seconds
  Import took 0.125434 seconds .

========================================================================
Received Import Request.
  Time since last request: 0.000306 seconds.
  path: Assets/Prefabs/SpectreButton.prefab
  artifactKey: Guid(2d2d60a019dab4540b9d160dee4d0d77) Importer(815301076,1909f56bfc062723c751e8b465ee728b)
Start importing Assets/Prefabs/SpectreButton.prefab using Guid(2d2d60a019dab4540b9d160dee4d0d77) Importer(815301076,1909f56bfc062723c751e8b465ee728b)  -> (artifact id: '4b72b21a90e9c52900e9bb4e3b9a026b') in 0.070878 seconds
  Import took 0.077787 seconds .

========================================================================
Received Import Request.
  Time since last request: 0.000322 seconds.
  path: Assets/Prefabs/Human.prefab
  artifactKey: Guid(9ce13f593a2bb8344aabff6e85794560) Importer(815301076,1909f56bfc062723c751e8b465ee728b)
Start importing Assets/Prefabs/Human.prefab using Guid(9ce13f593a2bb8344aabff6e85794560) Importer(815301076,1909f56bfc062723c751e8b465ee728b)  -> (artifact id: '1f32203ffd58994fddcd4a26d9d06ad5') in 0.058299 seconds
  Import took 0.067465 seconds .

========================================================================
Received Import Request.
  Time since last request: 0.000396 seconds.
  path: Assets/Prefabs/porte.prefab
  artifactKey: Guid(f2eeb343685f5c749b6a29b358773e1a) Importer(815301076,1909f56bfc062723c751e8b465ee728b)
Start importing Assets/Prefabs/porte.prefab using Guid(f2eeb343685f5c749b6a29b358773e1a) Importer(815301076,1909f56bfc062723c751e8b465ee728b)  -> (artifact id: 'a4a7fd67109541fe3fb33d13dfa1fdae') in 0.084004 seconds
  Import took 0.090116 seconds .

========================================================================
Received Import Request.
  Time since last request: 0.000337 seconds.
  path: Assets/Prefabs/PlayerButton.prefab
  artifactKey: Guid(a402c78cabf80f94a973942fd3e68d52) Importer(815301076,1909f56bfc062723c751e8b465ee728b)
Start importing Assets/Prefabs/PlayerButton.prefab using Guid(a402c78cabf80f94a973942fd3e68d52) Importer(815301076,1909f56bfc062723c751e8b465ee728b)  -> (artifact id: '62fbb9f4906338aac7f290745c8e9149') in 0.062654 seconds
  Import took 0.068936 seconds .

========================================================================
Received Import Request.
  Time since last request: 0.000394 seconds.
  path: Assets/Prefabs/pessure_plate.prefab
  artifactKey: Guid(800076dfdde4e2f489a91aa65fcf3f33) Importer(815301076,1909f56bfc062723c751e8b465ee728b)
Start importing Assets/Prefabs/pessure_plate.prefab using Guid(800076dfdde4e2f489a91aa65fcf3f33) Importer(815301076,1909f56bfc062723c751e8b465ee728b)  -> (artifact id: '7dc76d400b97e62625fdf6701b477f25') in 0.076341 seconds
  Import took 0.082152 seconds .

========================================================================
Received Import Request.
  Time since last request: 0.000406 seconds.
  path: Assets/Prefabs/Spectre.prefab
  artifactKey: Guid(94ab1d60fe15501488a9bd2973c00422) Importer(815301076,1909f56bfc062723c751e8b465ee728b)
Start importing Assets/Prefabs/Spectre.prefab using Guid(94ab1d60fe15501488a9bd2973c00422) Importer(815301076,1909f56bfc062723c751e8b465ee728b)  -> (artifact id: 'f6c6cdd2726596d126f5d61e275e12c2') in 0.083205 seconds
  Import took 0.088723 seconds .

========================================================================
Received Import Request.
  Time since last request: 7.554364 seconds.
  path: Assets/Prefabs/PlayerButton.prefab
  artifactKey: Guid(a402c78cabf80f94a973942fd3e68d52) Importer(815301076,1909f56bfc062723c751e8b465ee728b)
Start importing Assets/Prefabs/PlayerButton.prefab using Guid(a402c78cabf80f94a973942fd3e68d52) Importer(815301076,1909f56bfc062723c751e8b465ee728b)  -> (artifact id: '8709b7632273778f77595b47a0493c23') in 0.032425 seconds
  Import took 0.040800 seconds .

========================================================================
Received Import Request.
  Time since last request: 6.251947 seconds.
  path: Assets/Prefabs/PlayerButton.prefab
  artifactKey: Guid(a402c78cabf80f94a973942fd3e68d52) Importer(815301076,1909f56bfc062723c751e8b465ee728b)
Start importing Assets/Prefabs/PlayerButton.prefab using Guid(a402c78cabf80f94a973942fd3e68d52) Importer(815301076,1909f56bfc062723c751e8b465ee728b)  -> (artifact id: '859d24c7d2fdb3053c2db11e3eef9173') in 0.038029 seconds
  Import took 0.046059 seconds .

========================================================================
Received Import Request.
  Time since last request: 28.193498 seconds.
  path: Assets/Prefabs/SpectreButton.prefab
  artifactKey: Guid(2d2d60a019dab4540b9d160dee4d0d77) Importer(815301076,1909f56bfc062723c751e8b465ee728b)
Start importing Assets/Prefabs/SpectreButton.prefab using Guid(2d2d60a019dab4540b9d160dee4d0d77) Importer(815301076,1909f56bfc062723c751e8b465ee728b)  -> (artifact id: '9d558947748b038bb5cd0713a3e84d42') in 0.026934 seconds
  Import took 0.039482 seconds .

========================================================================
Received Import Request.
  Time since last request: 2.565109 seconds.
  path: Assets/Prefabs/SpectreButton.prefab
  artifactKey: Guid(2d2d60a019dab4540b9d160dee4d0d77) Importer(815301076,1909f56bfc062723c751e8b465ee728b)
Start importing Assets/Prefabs/SpectreButton.prefab using Guid(2d2d60a019dab4540b9d160dee4d0d77) Importer(815301076,1909f56bfc062723c751e8b465ee728b)  -> (artifact id: 'af3bf24c6987245914684531be4dc8a6') in 0.027049 seconds
  Import took 0.032173 seconds .

========================================================================
Received Import Request.
  Time since last request: 24.780100 seconds.
  path: Assets/Prefabs/SpectreButton.prefab
  artifactKey: Guid(2d2d60a019dab4540b9d160dee4d0d77) Importer(815301076,1909f56bfc062723c751e8b465ee728b)
Start importing Assets/Prefabs/SpectreButton.prefab using Guid(2d2d60a019dab4540b9d160dee4d0d77) Importer(815301076,1909f56bfc062723c751e8b465ee728b)  -> (artifact id: 'b67975fb0e17bc6d36336295c5d8757d') in 0.025912 seconds
  Import took 0.031357 seconds .

========================================================================
Received Import Request.
  Time since last request: 2.221507 seconds.
  path: Assets/Prefabs/SpectreButton.prefab
  artifactKey: Guid(2d2d60a019dab4540b9d160dee4d0d77) Importer(815301076,1909f56bfc062723c751e8b465ee728b)
Start importing Assets/Prefabs/SpectreButton.prefab using Guid(2d2d60a019dab4540b9d160dee4d0d77) Importer(815301076,1909f56bfc062723c751e8b465ee728b)  -> (artifact id: 'bf5de24d80b3d62e57e75ce531cf66e4') in 0.024261 seconds
  Import took 0.030229 seconds .

========================================================================
Received Import Request.
  Time since last request: 36.324696 seconds.
  path: Assets/Prefabs/Anchor.prefab
  artifactKey: Guid(94f98c92b73fa2f4e8718c543313b2f4) Importer(815301076,1909f56bfc062723c751e8b465ee728b)
Start importing Assets/Prefabs/Anchor.prefab using Guid(94f98c92b73fa2f4e8718c543313b2f4) Importer(815301076,1909f56bfc062723c751e8b465ee728b)  -> (artifact id: '5832f8e31e5e92e8ea20ef79ff6228e4') in 0.031480 seconds
  Import took 0.038919 seconds .

========================================================================
Received Import Request.
  Time since last request: 12.951806 seconds.
  path: Assets/Prefabs/Anchor.prefab
  artifactKey: Guid(94f98c92b73fa2f4e8718c543313b2f4) Importer(815301076,1909f56bfc062723c751e8b465ee728b)
Start importing Assets/Prefabs/Anchor.prefab using Guid(94f98c92b73fa2f4e8718c543313b2f4) Importer(815301076,1909f56bfc062723c751e8b465ee728b)  -> (artifact id: 'bd3ee03973f33252015341db9ee8372c') in 0.040051 seconds
  Import took 0.050500 seconds .

========================================================================
Received Import Request.
  Time since last request: 15.949608 seconds.
  path: Assets/Prefabs/Anchor.prefab
  artifactKey: Guid(94f98c92b73fa2f4e8718c543313b2f4) Importer(815301076,1909f56bfc062723c751e8b465ee728b)
Start importing Assets/Prefabs/Anchor.prefab using Guid(94f98c92b73fa2f4e8718c543313b2f4) Importer(815301076,1909f56bfc062723c751e8b465ee728b)  -> (artifact id: '81b04a7f420bae64bb1d9ee813e61fc6') in 0.027758 seconds
  Import took 0.033306 seconds .

========================================================================
Received Import Request.
  Time since last request: 79.882096 seconds.
  path: Assets/Scenes
  artifactKey: Guid(31c88774902519344ba509dce367ff1a) Importer(815301076,1909f56bfc062723c751e8b465ee728b)
Start importing Assets/Scenes using Guid(31c88774902519344ba509dce367ff1a) Importer(815301076,1909f56bfc062723c751e8b465ee728b)  -> (artifact id: 'e1c34df4b0060a4dfcc81b27046eff03') in 0.019672 seconds
  Import took 0.032789 seconds .

========================================================================
Received Import Request.
  Time since last request: 4.161613 seconds.
  path: Assets/Scenes/LV_tuto.unity
  artifactKey: Guid(745b99605f17a0448886ba59864bc64f) Importer(815301076,1909f56bfc062723c751e8b465ee728b)
Start importing Assets/Scenes/LV_tuto.unity using Guid(745b99605f17a0448886ba59864bc64f) Importer(815301076,1909f56bfc062723c751e8b465ee728b)  -> (artifact id: '284f3a6f681f6e42fd37486895af729b') in 0.018963 seconds
  Import took 0.023570 seconds .

========================================================================
Received Import Request.
  Time since last request: 2.222625 seconds.
  path: Assets/Scenes/LV_tutoSettings.lighting
  artifactKey: Guid(b8b9f37193eb9eb4188d902a5b08a3f0) Importer(815301076,1909f56bfc062723c751e8b465ee728b)
Start importing Assets/Scenes/LV_tutoSettings.lighting using Guid(b8b9f37193eb9eb4188d902a5b08a3f0) Importer(815301076,1909f56bfc062723c751e8b465ee728b)  -> (artifact id: 'd3182edd7e6e9545f9a0ebfd11283adf') in 0.025200 seconds
  Import took 0.030586 seconds .

========================================================================
Received Prepare
Registering precompiled user dll's ...
Registered in 0.002024 seconds.
Begin MonoManager ReloadAssembly
Native extension for WindowsStandalone target not found
Refreshing native plugins compatible for Editor in 2.02 ms, found 0 plugins.
Preloading 0 native plugins for Editor in 0.00 ms.
Invoked RoslynAnalysisRunner static constructor.
RoslynAnalysisRunner will not be running.
RoslynAnalysisRunner has terminated.
Mono: successfully reloaded assembly
- Completed reload, in  2.876 seconds
Platform modules already initialized, skipping
Refreshing native plugins compatible for Editor in 5.32 ms, found 0 plugins.
Preloading 0 native plugins for Editor in 0.00 ms.
Unloading 1625 Unused Serialized files (Serialized files now loaded: 0)
System memory in use before: 82.5 MB.
System memory in use after: 82.5 MB.

Unloading 80 unused Assets to reduce memory usage. Loaded Objects now: 2106.
Total: 12.346300 ms (FindLiveObjects: 1.815000 ms CreateObjectMapping: 0.417500 ms MarkObjects: 8.079700 ms  DeleteObjects: 2.026200 ms)

========================================================================
Received Prepare
Registering precompiled user dll's ...
Registered in 0.002413 seconds.
Begin MonoManager ReloadAssembly
Native extension for WindowsStandalone target not found
Refreshing native plugins compatible for Editor in 1.15 ms, found 0 plugins.
Preloading 0 native plugins for Editor in 0.00 ms.
Invoked RoslynAnalysisRunner static constructor.
RoslynAnalysisRunner will not be running.
RoslynAnalysisRunner has terminated.
Mono: successfully reloaded assembly
- Completed reload, in  1.656 seconds
Platform modules already initialized, skipping
Refreshing native plugins compatible for Editor in 0.73 ms, found 0 plugins.
Preloading 0 native plugins for Editor in 0.00 ms.
Unloading 1625 Unused Serialized files (Serialized files now loaded: 0)
System memory in use before: 82.3 MB.
System memory in use after: 82.3 MB.

Unloading 79 unused Assets to reduce memory usage. Loaded Objects now: 2108.
Total: 4.167700 ms (FindLiveObjects: 0.363900 ms CreateObjectMapping: 0.091200 ms MarkObjects: 3.473300 ms  DeleteObjects: 0.236600 ms)

========================================================================
Received Prepare
Registering precompiled user dll's ...
Registered in 0.001554 seconds.
Begin MonoManager ReloadAssembly
Native extension for WindowsStandalone target not found
Refreshing native plugins compatible for Editor in 1.40 ms, found 0 plugins.
Preloading 0 native plugins for Editor in 0.00 ms.
Invoked RoslynAnalysisRunner static constructor.
RoslynAnalysisRunner will not be running.
RoslynAnalysisRunner has terminated.
Mono: successfully reloaded assembly
- Completed reload, in  1.520 seconds
Platform modules already initialized, skipping
Refreshing native plugins compatible for Editor in 0.68 ms, found 0 plugins.
Preloading 0 native plugins for Editor in 0.00 ms.
Unloading 1625 Unused Serialized files (Serialized files now loaded: 0)
System memory in use before: 82.5 MB.
System memory in use after: 82.5 MB.

Unloading 79 unused Assets to reduce memory usage. Loaded Objects now: 2110.
Total: 5.098600 ms (FindLiveObjects: 0.387600 ms CreateObjectMapping: 0.094700 ms MarkObjects: 4.150300 ms  DeleteObjects: 0.463300 ms)

========================================================================
Received Prepare
Registering precompiled user dll's ...
Registered in 0.001757 seconds.
Begin MonoManager ReloadAssembly
Native extension for WindowsStandalone target not found
Refreshing native plugins compatible for Editor in 0.71 ms, found 0 plugins.
Preloading 0 native plugins for Editor in 0.00 ms.
Invoked RoslynAnalysisRunner static constructor.
RoslynAnalysisRunner will not be running.
RoslynAnalysisRunner has terminated.
Mono: successfully reloaded assembly
- Completed reload, in  1.603 seconds
Platform modules already initialized, skipping
Refreshing native plugins compatible for Editor in 0.86 ms, found 0 plugins.
Preloading 0 native plugins for Editor in 0.00 ms.
Unloading 1625 Unused Serialized files (Serialized files now loaded: 0)
System memory in use before: 82.2 MB.
System memory in use after: 82.3 MB.

Unloading 79 unused Assets to reduce memory usage. Loaded Objects now: 2112.
Total: 3.715800 ms (FindLiveObjects: 0.378700 ms CreateObjectMapping: 0.068300 ms MarkObjects: 3.040900 ms  DeleteObjects: 0.225900 ms)

========================================================================
Received Prepare
Registering precompiled user dll's ...
Registered in 0.004444 seconds.
Begin MonoManager ReloadAssembly
Native extension for WindowsStandalone target not found
Refreshing native plugins compatible for Editor in 1.97 ms, found 0 plugins.
Preloading 0 native plugins for Editor in 0.00 ms.
Invoked RoslynAnalysisRunner static constructor.
RoslynAnalysisRunner will not be running.
RoslynAnalysisRunner has terminated.
Mono: successfully reloaded assembly
- Completed reload, in  4.661 seconds
Platform modules already initialized, skipping
Refreshing native plugins compatible for Editor in 1.84 ms, found 0 plugins.
Preloading 0 native plugins for Editor in 0.00 ms.
Unloading 1625 Unused Serialized files (Serialized files now loaded: 0)
System memory in use before: 82.5 MB.
System memory in use after: 82.6 MB.

Unloading 79 unused Assets to reduce memory usage. Loaded Objects now: 2114.
Total: 23.608200 ms (FindLiveObjects: 3.006700 ms CreateObjectMapping: 2.011500 ms MarkObjects: 17.625000 ms  DeleteObjects: 0.960100 ms)

========================================================================
Received Prepare
Registering precompiled user dll's ...
Registered in 0.001089 seconds.
Begin MonoManager ReloadAssembly
Native extension for WindowsStandalone target not found
Refreshing native plugins compatible for Editor in 1.16 ms, found 0 plugins.
Preloading 0 native plugins for Editor in 0.00 ms.
Invoked RoslynAnalysisRunner static constructor.
RoslynAnalysisRunner will not be running.
RoslynAnalysisRunner has terminated.
Mono: successfully reloaded assembly
- Completed reload, in  1.246 seconds
Platform modules already initialized, skipping
Refreshing native plugins compatible for Editor in 0.61 ms, found 0 plugins.
Preloading 0 native plugins for Editor in 0.00 ms.
Unloading 1625 Unused Serialized files (Serialized files now loaded: 0)
System memory in use before: 82.2 MB.
System memory in use after: 82.2 MB.

Unloading 79 unused Assets to reduce memory usage. Loaded Objects now: 2116.
Total: 3.123400 ms (FindLiveObjects: 0.299200 ms CreateObjectMapping: 0.103400 ms MarkObjects: 2.530400 ms  DeleteObjects: 0.188400 ms)

========================================================================
Received Prepare
Registering precompiled user dll's ...
Registered in 0.001140 seconds.
Begin MonoManager ReloadAssembly
Native extension for WindowsStandalone target not found
Refreshing native plugins compatible for Editor in 1.00 ms, found 0 plugins.
Preloading 0 native plugins for Editor in 0.00 ms.
Invoked RoslynAnalysisRunner static constructor.
RoslynAnalysisRunner will not be running.
RoslynAnalysisRunner has terminated.
Mono: successfully reloaded assembly
- Completed reload, in  1.391 seconds
Platform modules already initialized, skipping
Refreshing native plugins compatible for Editor in 0.64 ms, found 0 plugins.
Preloading 0 native plugins for Editor in 0.00 ms.
Unloading 1625 Unused Serialized files (Serialized files now loaded: 0)
System memory in use before: 82.5 MB.
System memory in use after: 82.6 MB.

Unloading 79 unused Assets to reduce memory usage. Loaded Objects now: 2118.
Total: 3.234600 ms (FindLiveObjects: 0.238000 ms CreateObjectMapping: 0.052800 ms MarkObjects: 2.761000 ms  DeleteObjects: 0.181400 ms)

========================================================================
Received Prepare
Registering precompiled user dll's ...
Registered in 0.001736 seconds.
Begin MonoManager ReloadAssembly
Native extension for WindowsStandalone target not found
Refreshing native plugins compatible for Editor in 0.60 ms, found 0 plugins.
Preloading 0 native plugins for Editor in 0.00 ms.
Invoked RoslynAnalysisRunner static constructor.
RoslynAnalysisRunner will not be running.
RoslynAnalysisRunner has terminated.
Mono: successfully reloaded assembly
- Completed reload, in  1.204 seconds
Platform modules already initialized, skipping
Refreshing native plugins compatible for Editor in 0.69 ms, found 0 plugins.
Preloading 0 native plugins for Editor in 0.00 ms.
Unloading 1625 Unused Serialized files (Serialized files now loaded: 0)
System memory in use before: 82.1 MB.
System memory in use after: 82.2 MB.

Unloading 79 unused Assets to reduce memory usage. Loaded Objects now: 2120.
Total: 2.962700 ms (FindLiveObjects: 0.221400 ms CreateObjectMapping: 0.043000 ms MarkObjects: 2.524000 ms  DeleteObjects: 0.172900 ms)

========================================================================
Received Prepare
Refreshing native plugins compatible for Editor in 14.55 ms, found 0 plugins.
Preloading 0 native plugins for Editor in 0.00 ms.
Unloading 20 Unused Serialized files (Serialized files now loaded: 0)
System memory in use before: 50.1 MB.
System memory in use after: 50.2 MB.

Unloading 19 unused Assets to reduce memory usage. Loaded Objects now: 2120.
Total: 4.661700 ms (FindLiveObjects: 0.346100 ms CreateObjectMapping: 0.065100 ms MarkObjects: 4.145300 ms  DeleteObjects: 0.103300 ms)

========================================================================
Received Prepare
Refreshing native plugins compatible for Editor in 12.09 ms, found 0 plugins.
Preloading 0 native plugins for Editor in 0.00 ms.
Unloading 20 Unused Serialized files (Serialized files now loaded: 0)
System memory in use before: 49.9 MB.
System memory in use after: 49.9 MB.

Unloading 19 unused Assets to reduce memory usage. Loaded Objects now: 2120.
Total: 4.320700 ms (FindLiveObjects: 0.298400 ms CreateObjectMapping: 0.069500 ms MarkObjects: 3.851500 ms  DeleteObjects: 0.099600 ms)

AssetImportWorkerClient::OnTransportError - code=2 error=End of file
